0 info it worked if it ends with ok
1 verbose cli [ 'C:\\Program Files\\nodejs\\node.exe',
1 verbose cli   'C:\\Program Files\\nodejs\\node_modules\\npm\\bin\\npm-cli.js',
1 verbose cli   'install',
1 verbose cli   'restangular',
1 verbose cli   '--save' ]
2 info using npm@2.15.8
3 info using node@v4.4.7
4 verbose install initial load of C:\praca\my\visitors-mocroservice-angular-webpack\app\package.json
5 warn package.json ng6-starter@0.0.1 No description
6 warn package.json ng6-starter@0.0.1 No repository field.
7 warn package.json ng6-starter@0.0.1 No README data
8 verbose installManyTop reading scoped package data from C:\praca\my\visitors-mocroservice-angular-webpack\app\node_modules\angular\package.json
9 verbose installManyTop reading scoped package data from C:\praca\my\visitors-mocroservice-angular-webpack\app\node_modules\angular-animate\package.json
10 verbose installManyTop reading scoped package data from C:\praca\my\visitors-mocroservice-angular-webpack\app\node_modules\angular-aria\package.json
11 verbose installManyTop reading scoped package data from C:\praca\my\visitors-mocroservice-angular-webpack\app\node_modules\angular-chart.js\package.json
12 verbose installManyTop reading scoped package data from C:\praca\my\visitors-mocroservice-angular-webpack\app\node_modules\angular-chosen-localytics\package.json
13 verbose installManyTop reading scoped package data from C:\praca\my\visitors-mocroservice-angular-webpack\app\node_modules\angular-local-storage\package.json
14 verbose installManyTop reading scoped package data from C:\praca\my\visitors-mocroservice-angular-webpack\app\node_modules\angular-material\package.json
15 verbose installManyTop reading scoped package data from C:\praca\my\visitors-mocroservice-angular-webpack\app\node_modules\angular-messages\package.json
16 verbose installManyTop reading scoped package data from C:\praca\my\visitors-mocroservice-angular-webpack\app\node_modules\angular-mocks\package.json
17 verbose installManyTop reading scoped package data from C:\praca\my\visitors-mocroservice-angular-webpack\app\node_modules\angular-moment\package.json
18 verbose installManyTop reading scoped package data from C:\praca\my\visitors-mocroservice-angular-webpack\app\node_modules\angular-pouchdb\package.json
19 verbose installManyTop reading scoped package data from C:\praca\my\visitors-mocroservice-angular-webpack\app\node_modules\angular-sanitize\package.json
20 verbose installManyTop reading scoped package data from C:\praca\my\visitors-mocroservice-angular-webpack\app\node_modules\angular-toastr\package.json
21 verbose installManyTop reading scoped package data from C:\praca\my\visitors-mocroservice-angular-webpack\app\node_modules\angular-ui-bootstrap\package.json
22 verbose installManyTop reading scoped package data from C:\praca\my\visitors-mocroservice-angular-webpack\app\node_modules\angular-ui-mask\package.json
23 verbose installManyTop reading scoped package data from C:\praca\my\visitors-mocroservice-angular-webpack\app\node_modules\angular-ui-router\package.json
24 verbose installManyTop reading scoped package data from C:\praca\my\visitors-mocroservice-angular-webpack\app\node_modules\angularjs-toaster\package.json
25 verbose installManyTop reading scoped package data from C:\praca\my\visitors-mocroservice-angular-webpack\app\node_modules\annyang\package.json
26 verbose installManyTop reading scoped package data from C:\praca\my\visitors-mocroservice-angular-webpack\app\node_modules\babel-core\package.json
27 verbose installManyTop reading scoped package data from C:\praca\my\visitors-mocroservice-angular-webpack\app\node_modules\babel-loader\package.json
28 verbose installManyTop reading scoped package data from C:\praca\my\visitors-mocroservice-angular-webpack\app\node_modules\babel-plugin-transform-runtime\package.json
29 verbose installManyTop reading scoped package data from C:\praca\my\visitors-mocroservice-angular-webpack\app\node_modules\babel-polyfill\package.json
30 verbose installManyTop reading scoped package data from C:\praca\my\visitors-mocroservice-angular-webpack\app\node_modules\babel-preset-es2015\package.json
31 verbose installManyTop reading scoped package data from C:\praca\my\visitors-mocroservice-angular-webpack\app\node_modules\babel-preset-stage-0\package.json
32 verbose installManyTop reading scoped package data from C:\praca\my\visitors-mocroservice-angular-webpack\app\node_modules\babel-register\package.json
33 verbose installManyTop reading scoped package data from C:\praca\my\visitors-mocroservice-angular-webpack\app\node_modules\babel-runtime\package.json
34 verbose installManyTop reading scoped package data from C:\praca\my\visitors-mocroservice-angular-webpack\app\node_modules\bootstrap\package.json
35 verbose installManyTop reading scoped package data from C:\praca\my\visitors-mocroservice-angular-webpack\app\node_modules\browser-sync\package.json
36 verbose installManyTop reading scoped package data from C:\praca\my\visitors-mocroservice-angular-webpack\app\node_modules\chai\package.json
37 verbose installManyTop reading scoped package data from C:\praca\my\visitors-mocroservice-angular-webpack\app\node_modules\chart.js\package.json
38 verbose installManyTop reading scoped package data from C:\praca\my\visitors-mocroservice-angular-webpack\app\node_modules\chosen\package.json
39 verbose installManyTop reading scoped package data from C:\praca\my\visitors-mocroservice-angular-webpack\app\node_modules\connect-history-api-fallback\package.json
40 verbose installManyTop reading scoped package data from C:\praca\my\visitors-mocroservice-angular-webpack\app\node_modules\css-loader\package.json
41 verbose installManyTop reading scoped package data from C:\praca\my\visitors-mocroservice-angular-webpack\app\node_modules\del\package.json
42 verbose installManyTop reading scoped package data from C:\praca\my\visitors-mocroservice-angular-webpack\app\node_modules\electron-packager\package.json
43 verbose installManyTop reading scoped package data from C:\praca\my\visitors-mocroservice-angular-webpack\app\node_modules\electron-prebuilt\package.json
44 verbose installManyTop reading scoped package data from C:\praca\my\visitors-mocroservice-angular-webpack\app\node_modules\electron-windows-installer\package.json
45 verbose installManyTop reading scoped package data from C:\praca\my\visitors-mocroservice-angular-webpack\app\node_modules\expose-loader\package.json
46 verbose installManyTop reading scoped package data from C:\praca\my\visitors-mocroservice-angular-webpack\app\node_modules\file-loader\package.json
47 verbose installManyTop reading scoped package data from C:\praca\my\visitors-mocroservice-angular-webpack\app\node_modules\fs-walk\package.json
48 verbose installManyTop reading scoped package data from C:\praca\my\visitors-mocroservice-angular-webpack\app\node_modules\gulp\package.json
49 verbose installManyTop reading scoped package data from C:\praca\my\visitors-mocroservice-angular-webpack\app\node_modules\gulp-rename\package.json
50 verbose installManyTop reading scoped package data from C:\praca\my\visitors-mocroservice-angular-webpack\app\node_modules\gulp-template\package.json
51 verbose installManyTop reading scoped package data from C:\praca\my\visitors-mocroservice-angular-webpack\app\node_modules\gulp-util\package.json
52 verbose installManyTop reading scoped package data from C:\praca\my\visitors-mocroservice-angular-webpack\app\node_modules\html-webpack-plugin\package.json
53 verbose installManyTop reading scoped package data from C:\praca\my\visitors-mocroservice-angular-webpack\app\node_modules\image-webpack-loader\package.json
54 verbose installManyTop reading scoped package data from C:\praca\my\visitors-mocroservice-angular-webpack\app\node_modules\jquery\package.json
55 verbose installManyTop reading scoped package data from C:\praca\my\visitors-mocroservice-angular-webpack\app\node_modules\jquery-slimscroll\package.json
56 verbose installManyTop reading scoped package data from C:\praca\my\visitors-mocroservice-angular-webpack\app\node_modules\karma\package.json
57 verbose installManyTop reading scoped package data from C:\praca\my\visitors-mocroservice-angular-webpack\app\node_modules\karma-chai\package.json
58 verbose installManyTop reading scoped package data from C:\praca\my\visitors-mocroservice-angular-webpack\app\node_modules\karma-chrome-launcher\package.json
59 verbose installManyTop reading scoped package data from C:\praca\my\visitors-mocroservice-angular-webpack\app\node_modules\karma-mocha\package.json
60 verbose installManyTop reading scoped package data from C:\praca\my\visitors-mocroservice-angular-webpack\app\node_modules\karma-mocha-reporter\package.json
61 verbose installManyTop reading scoped package data from C:\praca\my\visitors-mocroservice-angular-webpack\app\node_modules\karma-sourcemap-loader\package.json
62 verbose installManyTop reading scoped package data from C:\praca\my\visitors-mocroservice-angular-webpack\app\node_modules\karma-webpack\package.json
63 verbose installManyTop reading scoped package data from C:\praca\my\visitors-mocroservice-angular-webpack\app\node_modules\lodash\package.json
64 verbose installManyTop reading scoped package data from C:\praca\my\visitors-mocroservice-angular-webpack\app\node_modules\mocha\package.json
65 verbose installManyTop reading scoped package data from C:\praca\my\visitors-mocroservice-angular-webpack\app\node_modules\moment\package.json
66 verbose installManyTop reading scoped package data from C:\praca\my\visitors-mocroservice-angular-webpack\app\node_modules\moment-timezone\package.json
67 verbose installManyTop reading scoped package data from C:\praca\my\visitors-mocroservice-angular-webpack\app\node_modules\ng-annotate-loader\package.json
68 verbose installManyTop reading scoped package data from C:\praca\my\visitors-mocroservice-angular-webpack\app\node_modules\ngcomponentrouter\package.json
69 verbose installManyTop reading scoped package data from C:\praca\my\visitors-mocroservice-angular-webpack\app\node_modules\node-libs-browser\package.json
70 verbose installManyTop reading scoped package data from C:\praca\my\visitors-mocroservice-angular-webpack\app\node_modules\node-restangular\package.json
71 verbose installManyTop reading scoped package data from C:\praca\my\visitors-mocroservice-angular-webpack\app\node_modules\normalize.css\package.json
72 verbose installManyTop reading scoped package data from C:\praca\my\visitors-mocroservice-angular-webpack\app\node_modules\pouchdb\package.json
73 verbose installManyTop reading scoped package data from C:\praca\my\visitors-mocroservice-angular-webpack\app\node_modules\pouchdb-authentication\package.json
74 verbose installManyTop reading scoped package data from C:\praca\my\visitors-mocroservice-angular-webpack\app\node_modules\raw-loader\package.json
75 verbose installManyTop reading scoped package data from C:\praca\my\visitors-mocroservice-angular-webpack\app\node_modules\run-sequence\package.json
76 verbose installManyTop reading scoped package data from C:\praca\my\visitors-mocroservice-angular-webpack\app\node_modules\style-loader\package.json
77 verbose installManyTop reading scoped package data from C:\praca\my\visitors-mocroservice-angular-webpack\app\node_modules\stylus-loader\package.json
78 verbose installManyTop reading scoped package data from C:\praca\my\visitors-mocroservice-angular-webpack\app\node_modules\supports-color\package.json
79 verbose installManyTop reading scoped package data from C:\praca\my\visitors-mocroservice-angular-webpack\app\node_modules\ui-bootstrap\package.json
80 verbose installManyTop reading scoped package data from C:\praca\my\visitors-mocroservice-angular-webpack\app\node_modules\ui-router-route-to-components\package.json
81 verbose installManyTop reading scoped package data from C:\praca\my\visitors-mocroservice-angular-webpack\app\node_modules\url-loader\package.json
82 verbose installManyTop reading scoped package data from C:\praca\my\visitors-mocroservice-angular-webpack\app\node_modules\webpack\package.json
83 verbose installManyTop reading scoped package data from C:\praca\my\visitors-mocroservice-angular-webpack\app\node_modules\webpack-dev-middleware\package.json
84 verbose installManyTop reading scoped package data from C:\praca\my\visitors-mocroservice-angular-webpack\app\node_modules\webpack-hot-middleware\package.json
85 verbose installManyTop reading scoped package data from C:\praca\my\visitors-mocroservice-angular-webpack\app\node_modules\webpack-node-externals\package.json
86 verbose installManyTop reading scoped package data from C:\praca\my\visitors-mocroservice-angular-webpack\app\node_modules\yargs\package.json
87 info package.json angular-material@1.1.1 No license field.
88 info package.json chosen@0.0.2 No repository field.
89 info package.json expose-loader@0.7.1 No license field.
90 info package.json gulp-rename@1.2.2 No license field.
91 info package.json image-webpack-loader@1.8.0 No license field.
92 info package.json jquery-slimscroll@1.3.8 No license field.
93 info package.json raw-loader@0.5.1 No license field.
94 verbose readDependencies loading dependencies from C:\praca\my\visitors-mocroservice-angular-webpack\app\package.json
95 silly cache add args [ 'restangular', null ]
96 verbose cache add spec restangular
97 silly cache add parsed spec Result {
97 silly cache add   raw: 'restangular',
97 silly cache add   scope: null,
97 silly cache add   name: 'restangular',
97 silly cache add   rawSpec: '',
97 silly cache add   spec: 'latest',
97 silly cache add   type: 'tag' }
98 silly addNamed restangular@latest
99 verbose addNamed "latest" is being treated as a dist-tag for restangular
100 info addNameTag [ 'restangular', 'latest' ]
101 silly mapToRegistry name restangular
102 silly mapToRegistry using default registry
103 silly mapToRegistry registry https://registry.npmjs.org/
104 silly mapToRegistry data Result {
104 silly mapToRegistry   raw: 'restangular',
104 silly mapToRegistry   scope: null,
104 silly mapToRegistry   name: 'restangular',
104 silly mapToRegistry   rawSpec: '',
104 silly mapToRegistry   spec: 'latest',
104 silly mapToRegistry   type: 'tag' }
105 silly mapToRegistry uri https://registry.npmjs.org/restangular
106 verbose addNameTag registry:https://registry.npmjs.org/restangular not in flight; fetching
107 verbose request uri https://registry.npmjs.org/restangular
108 verbose request no auth needed
109 info attempt registry request try #1 at 10:30:39
110 verbose request id 83119ce97ad42e7a
111 verbose etag W/"587012d4-1fbf0"
112 verbose lastModified Fri, 06 Jan 2017 21:57:40 GMT
113 http request GET https://registry.npmjs.org/restangular
114 http 304 https://registry.npmjs.org/restangular
115 verbose headers { date: 'Fri, 13 Jan 2017 09:30:37 GMT',
115 verbose headers   via: '1.1 varnish',
115 verbose headers   'cache-control': 'max-age=300',
115 verbose headers   etag: 'W/"587012d4-1fbf0"',
115 verbose headers   age: '0',
115 verbose headers   connection: 'keep-alive',
115 verbose headers   'x-served-by': 'cache-hhn1532-HHN',
115 verbose headers   'x-cache': 'HIT',
115 verbose headers   'x-cache-hits': '1',
115 verbose headers   'x-timer': 'S1484299837.776413,VS0,VE44',
115 verbose headers   vary: 'Accept-Encoding' }
116 silly get cb [ 304,
116 silly get   { date: 'Fri, 13 Jan 2017 09:30:37 GMT',
116 silly get     via: '1.1 varnish',
116 silly get     'cache-control': 'max-age=300',
116 silly get     etag: 'W/"587012d4-1fbf0"',
116 silly get     age: '0',
116 silly get     connection: 'keep-alive',
116 silly get     'x-served-by': 'cache-hhn1532-HHN',
116 silly get     'x-cache': 'HIT',
116 silly get     'x-cache-hits': '1',
116 silly get     'x-timer': 'S1484299837.776413,VS0,VE44',
116 silly get     vary: 'Accept-Encoding' } ]
117 verbose etag https://registry.npmjs.org/restangular from cache
118 verbose get saving restangular to C:\Users\mczyrny\AppData\Roaming\npm-cache\registry.npmjs.org\restangular\.cache.json
119 verbose correctMkdir C:\Users\mczyrny\AppData\Roaming\npm-cache correctMkdir not in flight; initializing
120 silly addNameTag next cb for restangular with tag latest
121 silly addNamed restangular@1.6.1
122 verbose addNamed "1.6.1" is a plain semver version for restangular
123 silly cache afterAdd restangular@1.6.1
124 verbose afterAdd C:\Users\mczyrny\AppData\Roaming\npm-cache\restangular\1.6.1\package\package.json not in flight; writing
125 verbose correctMkdir C:\Users\mczyrny\AppData\Roaming\npm-cache correctMkdir not in flight; initializing
126 verbose afterAdd C:\Users\mczyrny\AppData\Roaming\npm-cache\restangular\1.6.1\package\package.json written
127 silly install resolved [ { name: 'restangular',
127 silly install resolved     description: 'Restful Resources service for AngularJS apps',
127 silly install resolved     version: '1.6.1',
127 silly install resolved     filename: 'restangular.min.js',
127 silly install resolved     main: './dist/restangular.js',
127 silly install resolved     homepage: 'https://github.com/mgonto/restangular',
127 silly install resolved     author: { name: 'Martin Gontovnikas', email: 'martin@gon.to' },
127 silly install resolved     repository: { type: 'git', url: 'git://github.com/mgonto/restangular.git' },
127 silly install resolved     engines: { node: '>= 0.9' },
127 silly install resolved     keywords:
127 silly install resolved      [ 'angular',
127 silly install resolved        'client',
127 silly install resolved        'browser',
127 silly install resolved        'restful',
127 silly install resolved        'resources',
127 silly install resolved        'rest',
127 silly install resolved        'api' ],
127 silly install resolved     maintainers: [ [Object], [Object], [Object] ],
127 silly install resolved     dependencies: { lodash: '~4.17.0' },
127 silly install resolved     peerDependencies: { angular: '>=1.3.12' },
127 silly install resolved     devDependencies:
127 silly install resolved      { 'angular-mocks': '^1.4.8',
127 silly install resolved        grunt: '^1.0.0',
127 silly install resolved        'grunt-bower': '*',
127 silly install resolved        'grunt-bower-task': '*',
127 silly install resolved        'grunt-cli': '^1.2.0',
127 silly install resolved        'grunt-contrib-concat': '*',
127 silly install resolved        'grunt-contrib-jshint': '*',
127 silly install resolved        'grunt-contrib-uglify': '*',
127 silly install resolved        'grunt-conventional-changelog': 'latest',
127 silly install resolved        'grunt-coveralls': '^1.0.1',
127 silly install resolved        'grunt-karma': 'latest',
127 silly install resolved        'grunt-zip': '*',
127 silly install resolved        'jasmine-core': '^2.5.2',
127 silly install resolved        karma: '^1.3.0',
127 silly install resolved        'karma-chrome-launcher': '~2.0.0',
127 silly install resolved        'karma-coverage': '^1.1.1',
127 silly install resolved        'karma-firefox-launcher': '~v1.0.0',
127 silly install resolved        'karma-jasmine': '^1.1.0',
127 silly install resolved        'karma-mocha-reporter': '^2.2.0',
127 silly install resolved        'karma-phantomjs-launcher': '~v1.0.2' },
127 silly install resolved     scripts: { test: 'grunt test --verbose' },
127 silly install resolved     license: 'MIT',
127 silly install resolved     gitHead: '7155bc78e838737e88a7588efbbe578a78bddec6',
127 silly install resolved     bugs: { url: 'https://github.com/mgonto/restangular/issues' },
127 silly install resolved     _id: 'restangular@1.6.1',
127 silly install resolved     _shasum: 'add1743f27d77b0b8a652e6485a760b6234ed024',
127 silly install resolved     _from: 'restangular@latest',
127 silly install resolved     _npmVersion: '3.10.8',
127 silly install resolved     _nodeVersion: '7.0.0',
127 silly install resolved     _npmUser: { name: 'bostrom', email: 'fredrik@fredrikbostrom.net' },
127 silly install resolved     dist:
127 silly install resolved      { shasum: 'add1743f27d77b0b8a652e6485a760b6234ed024',
127 silly install resolved        tarball: 'https://registry.npmjs.org/restangular/-/restangular-1.6.1.tgz' },
127 silly install resolved     _npmOperationalInternal:
127 silly install resolved      { host: 'packages-12-west.internal.npmjs.com',
127 silly install resolved        tmp: 'tmp/restangular-1.6.1.tgz_1483737833865_0.2200001827441156' },
127 silly install resolved     directories: {},
127 silly install resolved     _resolved: 'https://registry.npmjs.org/restangular/-/restangular-1.6.1.tgz',
127 silly install resolved     readme: 'ERROR: No README data found!' } ]
128 info install restangular@1.6.1 into C:\praca\my\visitors-mocroservice-angular-webpack\app
129 info installOne restangular@1.6.1
130 verbose installOne of restangular to C:\praca\my\visitors-mocroservice-angular-webpack\app not in flight; installing
131 verbose correctMkdir C:\Users\mczyrny\AppData\Roaming\npm-cache\_locks correctMkdir not in flight; initializing
132 verbose lock using C:\Users\mczyrny\AppData\Roaming\npm-cache\_locks\restangular-a3620c06e465515a.lock for C:\praca\my\visitors-mocroservice-angular-webpack\app\node_modules\restangular
133 silly install write writing restangular 1.6.1 to C:\praca\my\visitors-mocroservice-angular-webpack\app\node_modules\restangular
134 verbose unbuild node_modules\restangular
135 silly gentlyRm C:\praca\my\visitors-mocroservice-angular-webpack\app\node_modules\restangular is being purged from base C:\praca\my\visitors-mocroservice-angular-webpack\app
136 verbose gentlyRm don't care about contents; nuking C:\praca\my\visitors-mocroservice-angular-webpack\app\node_modules\restangular
137 verbose tar unpack C:\Users\mczyrny\AppData\Roaming\npm-cache\restangular\1.6.1\package.tgz
138 verbose tar unpacking to C:\praca\my\visitors-mocroservice-angular-webpack\app\node_modules\restangular
139 silly gentlyRm C:\praca\my\visitors-mocroservice-angular-webpack\app\node_modules\restangular is being purged
140 verbose gentlyRm don't care about contents; nuking C:\praca\my\visitors-mocroservice-angular-webpack\app\node_modules\restangular
141 silly gunzTarPerm modes [ '777', '666' ]
142 silly gunzTarPerm extractEntry package.json
143 silly gunzTarPerm modified mode [ 'package.json', 420, 438 ]
144 silly gunzTarPerm extractEntry .npmignore
145 silly gunzTarPerm modified mode [ '.npmignore', 420, 438 ]
146 silly gunzTarPerm extractEntry README.md
147 silly gunzTarPerm modified mode [ 'README.md', 420, 438 ]
148 silly gunzTarPerm extractEntry Gruntfile.js
149 silly gunzTarPerm modified mode [ 'Gruntfile.js', 420, 438 ]
150 silly gunzTarPerm extractEntry karma.conf.js
151 silly gunzTarPerm modified mode [ 'karma.conf.js', 420, 438 ]
152 silly gunzTarPerm extractEntry karma.underscore.conf.js
153 silly gunzTarPerm modified mode [ 'karma.underscore.conf.js', 420, 438 ]
154 silly gunzTarPerm extractEntry bower.json
155 silly gunzTarPerm modified mode [ 'bower.json', 420, 438 ]
156 silly gunzTarPerm extractEntry CONTRIBUTING.md
157 silly gunzTarPerm modified mode [ 'CONTRIBUTING.md', 420, 438 ]
158 silly gunzTarPerm extractEntry .github/ISSUE_TEMPLATE.md
159 silly gunzTarPerm modified mode [ '.github/ISSUE_TEMPLATE.md', 420, 438 ]
160 silly gunzTarPerm extractEntry MAINTENANCE.md
161 silly gunzTarPerm modified mode [ 'MAINTENANCE.md', 420, 438 ]
162 silly gunzTarPerm extractEntry .editorconfig
163 silly gunzTarPerm modified mode [ '.editorconfig', 420, 438 ]
164 silly gunzTarPerm extractEntry dist/restangular.js
165 silly gunzTarPerm modified mode [ 'dist/restangular.js', 420, 438 ]
166 silly gunzTarPerm extractEntry dist/restangular.min.js
167 silly gunzTarPerm modified mode [ 'dist/restangular.min.js', 420, 438 ]
168 silly gunzTarPerm extractEntry dist/restangular.zip
169 silly gunzTarPerm modified mode [ 'dist/restangular.zip', 420, 438 ]
170 silly gunzTarPerm extractEntry .jshintrc
171 silly gunzTarPerm modified mode [ '.jshintrc', 420, 438 ]
172 silly gunzTarPerm extractEntry .travis.yml
173 silly gunzTarPerm modified mode [ '.travis.yml', 420, 438 ]
174 silly gunzTarPerm extractEntry license.md
175 silly gunzTarPerm modified mode [ 'license.md', 420, 438 ]
176 silly gunzTarPerm extractEntry src/restangular.js
177 silly gunzTarPerm modified mode [ 'src/restangular.js', 420, 438 ]
178 silly gunzTarPerm extractEntry CHANGELOG.md
179 silly gunzTarPerm modified mode [ 'CHANGELOG.md', 420, 438 ]
180 silly gunzTarPerm extractEntry test/restangularSpec.js
181 silly gunzTarPerm modified mode [ 'test/restangularSpec.js', 420, 438 ]
182 verbose write writing to C:\praca\my\visitors-mocroservice-angular-webpack\app\node_modules\restangular\package.json
183 info preinstall restangular@1.6.1
184 verbose readDependencies loading dependencies from C:\praca\my\visitors-mocroservice-angular-webpack\app\node_modules\restangular\package.json
185 verbose readDependencies loading dependencies from C:\praca\my\visitors-mocroservice-angular-webpack\app\node_modules\restangular\package.json
186 silly install resolved []
187 verbose about to build C:\praca\my\visitors-mocroservice-angular-webpack\app\node_modules\restangular
188 info build C:\praca\my\visitors-mocroservice-angular-webpack\app\node_modules\restangular
189 info linkStuff restangular@1.6.1
190 silly linkStuff restangular@1.6.1 has C:\praca\my\visitors-mocroservice-angular-webpack\app\node_modules as its parent node_modules
191 verbose linkBins restangular@1.6.1
192 verbose linkMans restangular@1.6.1
193 verbose rebuildBundles restangular@1.6.1
194 info install restangular@1.6.1
195 info postinstall restangular@1.6.1
196 verbose unlock done using C:\Users\mczyrny\AppData\Roaming\npm-cache\_locks\restangular-a3620c06e465515a.lock for C:\praca\my\visitors-mocroservice-angular-webpack\app\node_modules\restangular
197 verbose validateInstall loading C:\praca\my\visitors-mocroservice-angular-webpack\app\package.json for validation
198 verbose stack Error: The package angular@1.6.1 does not satisfy its siblings' peerDependencies requirements!
198 verbose stack     at C:\Program Files\nodejs\node_modules\npm\lib\install.js:125:32
198 verbose stack     at C:\Program Files\nodejs\node_modules\npm\lib\install.js:268:7
198 verbose stack     at C:\Program Files\nodejs\node_modules\npm\node_modules\read-installed\read-installed.js:142:5
198 verbose stack     at C:\Program Files\nodejs\node_modules\npm\node_modules\read-installed\read-installed.js:263:14
198 verbose stack     at cb (C:\Program Files\nodejs\node_modules\npm\node_modules\slide\lib\async-map.js:47:24)
198 verbose stack     at C:\Program Files\nodejs\node_modules\npm\node_modules\read-installed\read-installed.js:263:14
198 verbose stack     at cb (C:\Program Files\nodejs\node_modules\npm\node_modules\slide\lib\async-map.js:47:24)
198 verbose stack     at C:\Program Files\nodejs\node_modules\npm\node_modules\read-installed\read-installed.js:263:14
198 verbose stack     at cb (C:\Program Files\nodejs\node_modules\npm\node_modules\slide\lib\async-map.js:47:24)
198 verbose stack     at C:\Program Files\nodejs\node_modules\npm\node_modules\read-installed\read-installed.js:263:14
199 verbose cwd C:\praca\my\visitors-mocroservice-angular-webpack\app\app
200 error Windows_NT 10.0.14393
201 error argv "C:\\Program Files\\nodejs\\node.exe" "C:\\Program Files\\nodejs\\node_modules\\npm\\bin\\npm-cli.js" "install" "restangular" "--save"
202 error node v4.4.7
203 error npm  v2.15.8
204 error code EPEERINVALID
205 error peerinvalid The package angular@1.6.1 does not satisfy its siblings' peerDependencies requirements!
205 error peerinvalid Peer angular-material@1.1.1 wants angular@>=1.3 <1.6
205 error peerinvalid Peer restangular@1.6.1 wants angular@>=1.3.12
206 verbose exit [ 1, true ]
